[debug] [2023-05-26T10:13:18.035Z] ----------------------------------------------------------------------
[debug] [2023-05-26T10:13:18.037Z] Command:       C:\Users\Zhenia\DOWNLO~1\firebase-tools-instant-win.exe C:\Users\Zhenia\.cache\firebase\tools\lib\node_modules\firebase-tools\lib\bin\firebase init
[debug] [2023-05-26T10:13:18.037Z] CLI Version:   12.2.1
[debug] [2023-05-26T10:13:18.037Z] Platform:      win32
[debug] [2023-05-26T10:13:18.038Z] Node Version:  v16.16.0
[debug] [2023-05-26T10:13:18.039Z] Time:          Fri May 26 2023 13:13:18 GMT+0300 (GMT+03:00)
[debug] [2023-05-26T10:13:18.039Z] ----------------------------------------------------------------------
[debug] 
[debug] [2023-05-26T10:13:18.047Z] > command requires scopes: ["email","openid","https://www.googleapis.com/auth/cloudplatformprojects.readonly","https://www.googleapis.com/auth/firebase","https://www.googleapis.com/auth/cloud-platform"]
[debug] [2023-05-26T10:13:18.048Z] > authorizing via signed-in user (yevheniiii.kivii@gmail.com)
[info] 
     ######## #### ########  ######## ########     ###     ######  ########
     ##        ##  ##     ## ##       ##     ##  ##   ##  ##       ##
     ######    ##  ########  ######   ########  #########  ######  ######
     ##        ##  ##    ##  ##       ##     ## ##     ##       ## ##
     ##       #### ##     ## ######## ########  ##     ##  ######  ########

You're about to initialize a Firebase project in this directory:

  C:\Users\Zhenia\Desktop\lutai.dev

[info] 
=== Project Setup
[info] 
[info] First, let's associate this project directory with a Firebase project.
[info] You can create multiple project aliases by running firebase use --add, 
[info] but for now we'll just set up a default project.
[info] 
[debug] [2023-05-26T10:13:36.290Z] >>> [apiv2][query] GET https://firebase.googleapis.com/v1beta1/projects pageSize=100
[debug] [2023-05-26T10:13:36.837Z] <<< [apiv2][status] GET https://firebase.googleapis.com/v1beta1/projects 200
[debug] [2023-05-26T10:13:36.837Z] <<< [apiv2][body] GET https://firebase.googleapis.com/v1beta1/projects [omitted]
[info] i  Using project test-691b6 (Test) 
[info] 
=== Hosting Setup
[info] 
[info] Your public directory is the folder (relative to your project directory) that
[info] will contain Hosting assets to be uploaded with firebase deploy. If you
[info] have a build process for your assets, use your build's output directory.
[info] 
[debug] [2023-05-26T10:13:55.871Z] >>> [apiv2][query] GET https://www.gstatic.com/firebasejs/releases.json [none]
[debug] [2023-05-26T10:13:55.985Z] <<< [apiv2][status] GET https://www.gstatic.com/firebasejs/releases.json 200
[debug] [2023-05-26T10:13:55.985Z] <<< [apiv2][body] GET https://www.gstatic.com/firebasejs/releases.json {"current":{"version":"9.22.1","browserURL":"https://www.gstatic.com/firebasejs/9.22.1/firebase.js","packageURL":"https://www.gstatic.com/firebasejs/9.22.1/firebase.tgz"},"live":{"version":"9.22","browserURL":"https://www.gstatic.com/firebasejs/live/9.22/firebase.js","packageURL":"https://www.gstatic.com/firebasejs/live/9.22/firebase.tgz"},"components":{"analytics":"https://www.gstatic.com/firebasejs/9.22.1/firebase-analytics.js","app":"https://www.gstatic.com/firebasejs/9.22.1/firebase-app.js","app-check":"https://www.gstatic.com/firebasejs/9.22.1/firebase-app-check.js","auth":"https://www.gstatic.com/firebasejs/9.22.1/firebase-auth.js","auth/cordova":"https://www.gstatic.com/firebasejs/9.22.1/firebase-auth/cordova.js","auth/react-native":"https://www.gstatic.com/firebasejs/9.22.1/firebase-auth/react-native.js","functions":"https://www.gstatic.com/firebasejs/9.22.1/firebase-functions.js","firestore":"https://www.gstatic.com/firebasejs/9.22.1/firebase-firestore.js","firestore/lite":"https://www.gstatic.com/firebasejs/9.22.1/firebase-firestore/lite.js","installations":"https://www.gstatic.com/firebasejs/9.22.1/firebase-installations.js","storage":"https://www.gstatic.com/firebasejs/9.22.1/firebase-storage.js","performance":"https://www.gstatic.com/firebasejs/9.22.1/firebase-performance.js","remote-config":"https://www.gstatic.com/firebasejs/9.22.1/firebase-remote-config.js","messaging":"https://www.gstatic.com/firebasejs/9.22.1/firebase-messaging.js","messaging/sw":"https://www.gstatic.com/firebasejs/9.22.1/firebase-messaging/sw.js","database":"https://www.gstatic.com/firebasejs/9.22.1/firebase-database.js","firestore.memory":"https://www.gstatic.com/firebasejs/9.22.1/firebase-firestore.memory.js"}}
[info] +  Wrote public/index.html 
[info] 
[info] i  Didn't detect a .git folder. Assuming C:\Users\Zhenia\Desktop\lutai.dev is the project root. 
[info] i  Authorizing with GitHub to upload your service account to a GitHub repository's secrets store. 
[info] 
[info] Visit this URL on this device to log in:
[info] https://github.com/login/oauth/authorize?client_id=89cf50f02ac6aaed3484&state=531862829&redirect_uri=http%3A%2F%2Flocalhost%3A9005&scope=read%3Auser%20repo%20public_repo
[info] 
[info] Waiting for authentication...
[debug] [2023-05-26T10:15:25.053Z] >>> [apiv2][query] POST https://github.com/login/oauth/access_token [none]
[debug] [2023-05-26T10:15:25.053Z] >>> [apiv2][body] POST https://github.com/login/oauth/access_token [stream]
[debug] [2023-05-26T10:15:25.348Z] <<< [apiv2][status] POST https://github.com/login/oauth/access_token 200
[debug] [2023-05-26T10:15:25.348Z] <<< [apiv2][body] POST https://github.com/login/oauth/access_token {"access_token":"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","token_type":"bearer","scope":"read:user,repo"}
[debug] [2023-05-26T10:15:25.365Z] >>> [apiv2][query] GET https://api.github.com/user [none]
[debug] [2023-05-26T10:15:25.672Z] <<< [apiv2][status] GET https://api.github.com/user 200
[debug] [2023-05-26T10:15:25.672Z] <<< [apiv2][body] GET https://api.github.com/user {"login":"YevheniiLutai","id":53271797,"node_id":"MDQ6VXNlcjUzMjcxNzk3","avatar_url":"https://avatars.githubusercontent.com/u/53271797?v=4","gravatar_id":"","url":"https://api.github.com/users/YevheniiLutai","html_url":"https://github.com/YevheniiLutai","followers_url":"https://api.github.com/users/YevheniiLutai/followers","following_url":"https://api.github.com/users/YevheniiLutai/following{/other_user}","gists_url":"https://api.github.com/users/YevheniiLutai/gists{/gist_id}","starred_url":"https://api.github.com/users/YevheniiLutai/starred{/owner}{/repo}","subscriptions_url":"https://api.github.com/users/YevheniiLutai/subscriptions","organizations_url":"https://api.github.com/users/YevheniiLutai/orgs","repos_url":"https://api.github.com/users/YevheniiLutai/repos","events_url":"https://api.github.com/users/YevheniiLutai/events{/privacy}","received_events_url":"https://api.github.com/users/YevheniiLutai/received_events","type":"User","site_admin":false,"name":"Yevhenii","company":null,"blog":"https://www.linkedin.com/in/yevhenii-lutai/","location":null,"email":null,"hireable":null,"bio":"email:\r\nyevheniilutai@gmail.com","twitter_username":null,"public_repos":28,"public_gists":0,"followers":0,"following":0,"created_at":"2019-07-24T16:39:52Z","updated_at":"2023-03-28T14:32:30Z","private_gists":0,"total_private_repos":3,"owned_private_repos":3,"disk_usage":99004,"collaborators":2,"two_factor_authentication":false,"plan":{"name":"free","space":976562499,"collaborators":0,"private_repos":10000}}
[info] 
[info] +  Success! Logged into GitHub as YevheniiLutai 
[info] 
[debug] [2023-05-26T10:15:36.350Z] >>> [apiv2][query] GET https://api.github.com/repos//actions/secrets/public-key type=owner
[debug] [2023-05-26T10:15:36.586Z] <<< [apiv2][status] GET https://api.github.com/repos//actions/secrets/public-key 404
[debug] [2023-05-26T10:15:36.587Z] <<< [apiv2][body] GET https://api.github.com/repos//actions/secrets/public-key {"message":"Not Found","documentation_url":"https://docs.github.com/rest"}
[info] 
[info] 
[error] !  The provided authorization cannot be used with this repository. If this repository is in an organization, did you remember to grant access? 
[info] 
[info] i  Action required: Visit this URL to ensure access has been granted to the appropriate organization(s) for the Firebase CLI GitHub OAuth App: 
[info] https://github.com/settings/connections/applications/89cf50f02ac6aaed3484
[info] 
